# JRE version: OpenJDK Runtime Environment Temurin-21.0.10+7 (21.0.10+7) (build 21.0.10+7-LTS)
# Java VM: OpenJDK 64-Bit Server VM Temurin-21.0.10+7 (21.0.10+7-LTS, mixed mode, sharing, tiered, compressed oops, compressed class ptrs, g1 gc, windows-amd64)
GC Precious Log:
 CardTable entry size: 512
 Card Set container configuration: InlinePtr #cards 4 size 8 Array Of Cards #cards 16 size 48 Howl #buckets 8 coarsen threshold 3686 Howl Bitmap #cards 512 size 80 coarsen threshold 460 Card regions per heap region 1 cards per card region 4096
 CPUs: 8 total, 8 available
 Memory: 16248M
 Large Page Support: Disabled
 NUMA Support: Disabled
 Compressed Oops: Enabled (Zero based)
 Heap Region Size: 2M
 Heap Min Capacity: 8M
 Heap Initial Capacity: 254M
 Heap Max Capacity: 4064M
 Pre-touch: Disabled
 Parallel Workers: 8
 Concurrent Workers: 2
 Concurrent Refinement Workers: 8
 Periodic GC: Disabled
Heap:
 garbage-first heap   total 83968K, used 45831K [0x0000000702000000, 0x0000000800000000)
  region size 2048K, 3 young (6144K), 1 survivors (2048K)
 Metaspace       used 27425K, committed 27776K, reserved 1114112K
  class space    used 3103K, committed 3264K, reserved 1048576K
GC Heap History (12 events):
Event: 0.566 GC heap before
{Heap before GC invocations=0 (full 0):
 garbage-first heap   total 260096K, used 22528K [0x0000000702000000, 0x0000000800000000)
  region size 2048K, 11 young (22528K), 0 survivors (0K)
 Metaspace       used 5630K, committed 5824K, reserved 1114112K
  class space    used 660K, committed 768K, reserved 1048576K
}
Event: 0.570 GC heap after
{Heap after GC invocations=1 (full 0):
 garbage-first heap   total 260096K, used 4066K [0x0000000702000000, 0x0000000800000000)
  region size 2048K, 2 young (4096K), 2 survivors (4096K)
 Metaspace       used 5630K, committed 5824K, reserved 1114112K
  class space    used 660K, committed 768K, reserved 1048576K
}
Event: 1.028 GC heap before
{Heap before GC invocations=1 (full 0):
 garbage-first heap   total 260096K, used 36834K [0x0000000702000000, 0x0000000800000000)
  region size 2048K, 18 young (36864K), 2 survivors (4096K)
 Metaspace       used 9763K, committed 9984K, reserved 1114112K
  class space    used 1168K, committed 1280K, reserved 1048576K
}
Event: 1.032 GC heap after
{Heap after GC invocations=2 (full 0):
 garbage-first heap   total 260096K, used 5401K [0x0000000702000000, 0x0000000800000000)
  region size 2048K, 1 young (2048K), 1 survivors (2048K)
 Metaspace       used 9763K, committed 9984K, reserved 1114112K
  class space    used 1168K, committed 1280K, reserved 1048576K
}
Event: 3.486 GC heap before
{Heap before GC invocations=2 (full 0):
 garbage-first heap   total 260096K, used 136473K [0x0000000702000000, 0x0000000800000000)
  region size 2048K, 66 young (135168K), 1 survivors (2048K)
 Metaspace       used 21190K, committed 21504K, reserved 1114112K
  class space    used 2485K, committed 2624K, reserved 1048576K
}
Event: 3.494 GC heap after
{Heap after GC invocations=3 (full 0):
 garbage-first heap   total 260096K, used 14758K [0x0000000702000000, 0x0000000800000000)
  region size 2048K, 6 young (12288K), 6 survivors (12288K)
 Metaspace       used 21190K, committed 21504K, reserved 1114112K
  class space    used 2485K, committed 2624K, reserved 1048576K
}
Event: 4.085 GC heap before
{Heap before GC invocations=4 (full 0):
 garbage-first heap   total 55296K, used 53670K [0x0000000702000000, 0x0000000800000000)
  region size 2048K, 23 young (47104K), 6 survivors (12288K)
 Metaspace       used 26121K, committed 26432K, reserved 1114112K
  class space    used 3002K, committed 3136K, reserved 1048576K
}
Event: 4.100 GC heap after
{Heap after GC invocations=5 (full 0):
 garbage-first heap   total 77824K, used 28947K [0x0000000702000000, 0x0000000800000000)
  region size 2048K, 10 young (20480K), 10 survivors (20480K)
 Metaspace       used 26121K, committed 26432K, reserved 1114112K
  class space    used 3002K, committed 3136K, reserved 1048576K
}
Event: 4.421 GC heap before
{Heap before GC invocations=5 (full 0):
 garbage-first heap   total 77824K, used 53523K [0x0000000702000000, 0x0000000800000000)
  region size 2048K, 22 young (45056K), 10 survivors (20480K)
 Metaspace       used 26512K, committed 26880K, reserved 1114112K
  class space    used 3047K, committed 3200K, reserved 1048576K
}
Event: 4.440 GC heap after
{Heap after GC invocations=6 (full 0):
 garbage-first heap   total 83968K, used 36146K [0x0000000702000000, 0x0000000800000000)
  region size 2048K, 3 young (6144K), 3 survivors (6144K)
 Metaspace       used 26512K, committed 26880K, reserved 1114112K
  class space    used 3047K, committed 3200K, reserved 1048576K
}
Event: 4.642 GC heap before
{Heap before GC invocations=6 (full 0):
 garbage-first heap   total 83968K, used 64818K [0x0000000702000000, 0x0000000800000000)
  region size 2048K, 17 young (34816K), 3 survivors (6144K)
 Metaspace       used 26975K, committed 27264K, reserved 1114112K
  class space    used 3072K, committed 3200K, reserved 1048576K
}
Event: 4.657 GC heap after
{Heap after GC invocations=7 (full 0):
 garbage-first heap   total 83968K, used 42239K [0x0000000702000000, 0x0000000800000000)
  region size 2048K, 3 young (6144K), 3 survivors (6144K)
 Metaspace       used 26975K, committed 27264K, reserved 1114112K
  class space    used 3072K, committed 3200K, reserved 1048576K
}

